{"/Users/luizkota/Desktop/Projetos/Catho/unit-tests-with-mocha-chai-and-istanbul/examples.js":{"path":"/Users/luizkota/Desktop/Projetos/Catho/unit-tests-with-mocha-chai-and-istanbul/examples.js","s":{"1":1,"2":2,"3":4,"4":2,"5":2},"b":{"1":[2,2]},"f":{"1":2,"2":4},"fnMap":{"1":{"name":"(anonymous_1)","line":2,"loc":{"start":{"line":2,"column":17},"end":{"line":2,"column":28}}},"2":{"name":"(anonymous_2)","line":8,"loc":{"start":{"line":8,"column":18},"end":{"line":8,"column":34}}}},"statementMap":{"1":{"start":{"line":1,"column":0},"end":{"line":15,"column":2}},"2":{"start":{"line":3,"column":8},"end":{"line":6,"column":10}},"3":{"start":{"line":9,"column":8},"end":{"line":11,"column":9}},"4":{"start":{"line":10,"column":12},"end":{"line":10,"column":56}},"5":{"start":{"line":13,"column":8},"end":{"line":13,"column":21}}},"branchMap":{"1":{"line":9,"type":"if","locations":[{"start":{"line":9,"column":8},"end":{"line":9,"column":8}},{"start":{"line":9,"column":8},"end":{"line":9,"column":8}}]}}}}